20:31:48.355 [TestNG-tests-1] INFO  BasePackage.BaseClass - Chrome browser launched on local machine
20:31:52.317 [TestNG-tests-2] INFO  BasePackage.BaseClass - Chrome browser launched on local machine
20:31:57.378 [TestNG-tests-1] INFO  BasePackage.BaseClass - Switching to the iframe
20:31:58.700 [TestNG-tests-2] INFO  BasePackage.BaseClass - Switching to the iframe
20:31:58.782 [TestNG-tests-2] INFO  BasePackage.BaseClass - Capturing the list of onsale prods
20:32:23.866 [TestNG-tests-2] INFO  BasePackage.BaseClass - Iterating through the captured list of onsale prods to get the price and discount info
20:32:23.867 [TestNG-tests-2] INFO  BasePackage.BaseClass - Re-Capturing the list of onsale prods as there might be a chance of getting a staleElementReference Exception due to forth and back Navigation
20:32:23.910 [TestNG-tests-2] INFO  BasePackage.BaseClass - Scroll into the view
20:32:23.923 [TestNG-tests-2] INFO  BasePackage.BaseClass - Click on the onsale item 1
20:32:30.078 [TestNG-tests-1] INFO  BasePackage.BaseClass - Capturing the list of onsale prods
20:32:30.135 [TestNG-tests-1] INFO  BasePackage.BaseClass - Iterating through the captured list of onsale prods to get the price and discount info
20:32:30.135 [TestNG-tests-1] INFO  BasePackage.BaseClass - Re-Capturing the list of onsale prods as there might be a chance of getting a staleElementReference Exception due to forth and back Navigation
20:32:30.172 [TestNG-tests-1] INFO  BasePackage.BaseClass - Scroll into the view
20:32:30.183 [TestNG-tests-1] INFO  BasePackage.BaseClass - Click on the onsale item 1
20:32:36.854 [TestNG-tests-2] INFO  BasePackage.BaseClass - Get the discounted price and load it in the work book
20:32:36.920 [TestNG-tests-2] INFO  BasePackage.BaseClass - Get the discount percentage and load it in the work book
20:32:36.921 [TestNG-tests-2] INFO  BasePackage.BaseClass - Navigate back to the home page
20:32:36.935 [TestNG-tests-2] INFO  BasePackage.BaseClass - After Navigation, We need to switch to iframe again as the driver instance is rooted back to default content
20:32:41.364 [TestNG-tests-2] INFO  BasePackage.BaseClass - Re-Capturing the list of onsale prods as there might be a chance of getting a staleElementReference Exception due to forth and back Navigation
20:32:41.400 [TestNG-tests-2] INFO  BasePackage.BaseClass - Scroll into the view
20:32:41.406 [TestNG-tests-2] INFO  BasePackage.BaseClass - Click on the onsale item 2
20:32:50.358 [TestNG-tests-1] INFO  BasePackage.BaseClass - Get the discounted price and load it in the work book
20:32:50.364 [TestNG-tests-2] INFO  BasePackage.BaseClass - Get the discounted price and load it in the work book
20:32:50.378 [TestNG-tests-1] INFO  BasePackage.BaseClass - Get the discount percentage and load it in the work book
20:32:50.379 [TestNG-tests-1] INFO  BasePackage.BaseClass - Navigate back to the home page
20:32:50.385 [TestNG-tests-2] INFO  BasePackage.BaseClass - Get the discount percentage and load it in the work book
20:32:50.385 [TestNG-tests-2] INFO  BasePackage.BaseClass - Navigate back to the home page
20:32:50.388 [TestNG-tests-1] INFO  BasePackage.BaseClass - After Navigation, We need to switch to iframe again as the driver instance is rooted back to default content
20:32:50.398 [TestNG-tests-2] INFO  BasePackage.BaseClass - After Navigation, We need to switch to iframe again as the driver instance is rooted back to default content
20:32:51.156 [TestNG-tests-2] INFO  BasePackage.BaseClass - Writing the data in the workbook to the final file
20:32:51.477 [TestNG-tests-1] INFO  BasePackage.BaseClass - Re-Capturing the list of onsale prods as there might be a chance of getting a staleElementReference Exception due to forth and back Navigation
20:32:51.508 [TestNG-tests-1] INFO  BasePackage.BaseClass - Scroll into the view
20:32:51.515 [TestNG-tests-1] INFO  BasePackage.BaseClass - Click on the onsale item 2
20:32:54.266 [TestNG-tests-2] INFO  BasePackage.BaseClass - WebDriver has been closed.
20:32:59.041 [TestNG-tests-1] INFO  BasePackage.BaseClass - Get the discounted price and load it in the work book
20:32:59.059 [TestNG-tests-1] INFO  BasePackage.BaseClass - Get the discount percentage and load it in the work book
20:32:59.060 [TestNG-tests-1] INFO  BasePackage.BaseClass - Navigate back to the home page
20:32:59.070 [TestNG-tests-1] INFO  BasePackage.BaseClass - After Navigation, We need to switch to iframe again as the driver instance is rooted back to default content
20:32:59.716 [TestNG-tests-1] INFO  BasePackage.BaseClass - Writing the data in the workbook to the final file
20:33:03.047 [TestNG-tests-1] INFO  BasePackage.BaseClass - WebDriver has been closed.
14:20:25.582 [TestNG-tests-1] INFO  BasePackage.BaseClass - Chrome browser launched on local machine
14:20:26.689 [TestNG-tests-2] INFO  BasePackage.BaseClass - Chrome browser launched on local machine
14:20:35.652 [TestNG-tests-2] INFO  BasePackage.BaseClass - Switching to the iframe
14:20:35.652 [TestNG-tests-1] INFO  BasePackage.BaseClass - Switching to the iframe
14:20:55.411 [TestNG-tests-2] INFO  BasePackage.BaseClass - Capturing the list of onsale prods
14:20:55.467 [TestNG-tests-2] INFO  BasePackage.BaseClass - Iterating through the captured list of onsale prods to get the price and discount info
14:20:55.467 [TestNG-tests-2] INFO  BasePackage.BaseClass - Re-Capturing the list of onsale prods as there might be a chance of getting a staleElementReference Exception due to forth and back Navigation
14:20:55.498 [TestNG-tests-2] INFO  BasePackage.BaseClass - Scroll into the view
14:20:55.505 [TestNG-tests-2] INFO  BasePackage.BaseClass - Click on the onsale item 1
14:21:16.269 [TestNG-tests-1] INFO  BasePackage.BaseClass - Capturing the list of onsale prods
14:21:16.387 [TestNG-tests-1] INFO  BasePackage.BaseClass - Iterating through the captured list of onsale prods to get the price and discount info
14:21:16.387 [TestNG-tests-1] INFO  BasePackage.BaseClass - Re-Capturing the list of onsale prods as there might be a chance of getting a staleElementReference Exception due to forth and back Navigation
14:21:16.441 [TestNG-tests-1] INFO  BasePackage.BaseClass - Scroll into the view
14:21:16.460 [TestNG-tests-1] INFO  BasePackage.BaseClass - Click on the onsale item 1
14:21:18.829 [TestNG-tests-2] INFO  BasePackage.BaseClass - Get the discounted price and load it in the work book
14:21:18.886 [TestNG-tests-2] INFO  BasePackage.BaseClass - Get the discount percentage and load it in the work book
14:21:18.886 [TestNG-tests-2] INFO  BasePackage.BaseClass - Navigate back to the home page
14:21:18.898 [TestNG-tests-2] INFO  BasePackage.BaseClass - After Navigation, We need to switch to iframe again as the driver instance is rooted back to default content
14:21:32.414 [TestNG-tests-1] INFO  BasePackage.BaseClass - Get the discounted price and load it in the work book
14:21:32.434 [TestNG-tests-1] INFO  BasePackage.BaseClass - Get the discount percentage and load it in the work book
14:21:32.434 [TestNG-tests-1] INFO  BasePackage.BaseClass - Navigate back to the home page
14:21:32.441 [TestNG-tests-1] INFO  BasePackage.BaseClass - After Navigation, We need to switch to iframe again as the driver instance is rooted back to default content
14:21:33.102 [TestNG-tests-2] INFO  BasePackage.BaseClass - Re-Capturing the list of onsale prods as there might be a chance of getting a staleElementReference Exception due to forth and back Navigation
14:21:33.136 [TestNG-tests-2] INFO  BasePackage.BaseClass - Scroll into the view
14:21:33.145 [TestNG-tests-2] INFO  BasePackage.BaseClass - Click on the onsale item 2
14:21:33.163 [TestNG-tests-1] INFO  BasePackage.BaseClass - Re-Capturing the list of onsale prods as there might be a chance of getting a staleElementReference Exception due to forth and back Navigation
14:21:33.185 [TestNG-tests-1] INFO  BasePackage.BaseClass - Scroll into the view
14:21:33.191 [TestNG-tests-1] INFO  BasePackage.BaseClass - Click on the onsale item 2
14:21:37.959 [TestNG-tests-1] INFO  BasePackage.BaseClass - Get the discounted price and load it in the work book
14:21:37.974 [TestNG-tests-1] INFO  BasePackage.BaseClass - Get the discount percentage and load it in the work book
14:21:37.975 [TestNG-tests-1] INFO  BasePackage.BaseClass - Navigate back to the home page
14:21:37.981 [TestNG-tests-1] INFO  BasePackage.BaseClass - After Navigation, We need to switch to iframe again as the driver instance is rooted back to default content
14:21:38.684 [TestNG-tests-1] INFO  BasePackage.BaseClass - Writing the data in the workbook to the final file
14:21:41.703 [TestNG-tests-1] INFO  BasePackage.BaseClass - WebDriver has been closed.
14:21:46.446 [TestNG-tests-2] INFO  BasePackage.BaseClass - Get the discounted price and load it in the work book
14:21:46.469 [TestNG-tests-2] INFO  BasePackage.BaseClass - Get the discount percentage and load it in the work book
14:21:46.470 [TestNG-tests-2] INFO  BasePackage.BaseClass - Navigate back to the home page
14:21:46.478 [TestNG-tests-2] INFO  BasePackage.BaseClass - After Navigation, We need to switch to iframe again as the driver instance is rooted back to default content
14:21:47.215 [TestNG-tests-2] INFO  BasePackage.BaseClass - Writing the data in the workbook to the final file
14:21:50.493 [TestNG-tests-2] INFO  BasePackage.BaseClass - WebDriver has been closed.
15:52:59.339 [TestNG-tests-2] INFO  BasePackage.BaseClass - Chrome browser launched on local machine
15:53:01.123 [TestNG-tests-1] INFO  BasePackage.BaseClass - Chrome browser launched on local machine
15:53:10.347 [TestNG-tests-1] INFO  BasePackage.BaseClass - Switching to the iframe
15:53:10.347 [TestNG-tests-2] INFO  BasePackage.BaseClass - Switching to the iframe
15:53:23.999 [TestNG-tests-2] INFO  BasePackage.BaseClass - Capturing the list of onsale prods
15:53:24.057 [TestNG-tests-2] INFO  BasePackage.BaseClass - Iterating through the captured list of onsale prods to get the price and discount info
15:53:24.058 [TestNG-tests-2] INFO  BasePackage.BaseClass - Re-Capturing the list of onsale prods as there might be a chance of getting a staleElementReference Exception due to forth and back Navigation
15:53:24.093 [TestNG-tests-2] INFO  BasePackage.BaseClass - Scroll into the view
15:53:24.100 [TestNG-tests-2] INFO  BasePackage.BaseClass - Click on the onsale item 1
15:53:33.540 [TestNG-tests-1] INFO  BasePackage.BaseClass - Capturing the list of onsale prods
15:53:33.607 [TestNG-tests-1] INFO  BasePackage.BaseClass - Iterating through the captured list of onsale prods to get the price and discount info
15:53:33.607 [TestNG-tests-1] INFO  BasePackage.BaseClass - Re-Capturing the list of onsale prods as there might be a chance of getting a staleElementReference Exception due to forth and back Navigation
15:53:33.649 [TestNG-tests-1] INFO  BasePackage.BaseClass - Scroll into the view
15:53:33.662 [TestNG-tests-1] INFO  BasePackage.BaseClass - Click on the onsale item 1
15:53:45.370 [TestNG-tests-2] INFO  BasePackage.BaseClass - Get the discounted price and load it in the work book
15:53:45.385 [TestNG-tests-1] INFO  BasePackage.BaseClass - Get the discounted price and load it in the work book
15:53:45.431 [TestNG-tests-1] INFO  BasePackage.BaseClass - Get the discount percentage and load it in the work book
15:53:45.431 [TestNG-tests-2] INFO  BasePackage.BaseClass - Get the discount percentage and load it in the work book
15:53:45.433 [TestNG-tests-2] INFO  BasePackage.BaseClass - Navigate back to the home page
15:53:45.433 [TestNG-tests-1] INFO  BasePackage.BaseClass - Navigate back to the home page
15:53:45.451 [TestNG-tests-1] INFO  BasePackage.BaseClass - After Navigation, We need to switch to iframe again as the driver instance is rooted back to default content
15:53:45.453 [TestNG-tests-2] INFO  BasePackage.BaseClass - After Navigation, We need to switch to iframe again as the driver instance is rooted back to default content
15:53:46.318 [TestNG-tests-1] INFO  BasePackage.BaseClass - Re-Capturing the list of onsale prods as there might be a chance of getting a staleElementReference Exception due to forth and back Navigation
15:53:46.359 [TestNG-tests-1] INFO  BasePackage.BaseClass - Scroll into the view
15:53:46.367 [TestNG-tests-2] INFO  BasePackage.BaseClass - Re-Capturing the list of onsale prods as there might be a chance of getting a staleElementReference Exception due to forth and back Navigation
15:53:46.372 [TestNG-tests-1] INFO  BasePackage.BaseClass - Click on the onsale item 2
15:53:46.404 [TestNG-tests-2] INFO  BasePackage.BaseClass - Scroll into the view
15:53:46.410 [TestNG-tests-2] INFO  BasePackage.BaseClass - Click on the onsale item 2
15:53:50.892 [TestNG-tests-2] INFO  BasePackage.BaseClass - Get the discounted price and load it in the work book
15:53:50.911 [TestNG-tests-1] INFO  BasePackage.BaseClass - Get the discounted price and load it in the work book
15:53:50.920 [TestNG-tests-2] INFO  BasePackage.BaseClass - Get the discount percentage and load it in the work book
15:53:50.921 [TestNG-tests-2] INFO  BasePackage.BaseClass - Navigate back to the home page
15:53:50.933 [TestNG-tests-2] INFO  BasePackage.BaseClass - After Navigation, We need to switch to iframe again as the driver instance is rooted back to default content
15:53:50.940 [TestNG-tests-1] INFO  BasePackage.BaseClass - Get the discount percentage and load it in the work book
15:53:50.941 [TestNG-tests-1] INFO  BasePackage.BaseClass - Navigate back to the home page
15:53:50.952 [TestNG-tests-1] INFO  BasePackage.BaseClass - After Navigation, We need to switch to iframe again as the driver instance is rooted back to default content
15:53:51.815 [TestNG-tests-2] INFO  BasePackage.BaseClass - Writing the data in the workbook to the final file
15:53:51.815 [TestNG-tests-1] INFO  BasePackage.BaseClass - Writing the data in the workbook to the final file
15:53:54.977 [TestNG-tests-2] INFO  BasePackage.BaseClass - WebDriver has been closed.
15:53:54.988 [TestNG-tests-1] INFO  BasePackage.BaseClass - WebDriver has been closed.
15:59:29.206 [TestNG-tests-1] INFO  BasePackage.BaseClass - Chrome browser launched on local machine
15:59:33.537 [TestNG-tests-1] INFO  BasePackage.BaseClass - Switching to the iframe
15:59:33.588 [TestNG-tests-1] INFO  BasePackage.BaseClass - Capturing the list of onsale prods
15:59:33.732 [TestNG-tests-2] INFO  BasePackage.BaseClass - Chrome browser launched on local machine
15:59:36.685 [TestNG-tests-2] INFO  BasePackage.BaseClass - Switching to the iframe
15:59:36.717 [TestNG-tests-2] INFO  BasePackage.BaseClass - Capturing the list of onsale prods
15:59:46.616 [TestNG-tests-1] INFO  BasePackage.BaseClass - Iterating through the captured list of onsale prods to get the price and discount info
15:59:46.616 [TestNG-tests-1] INFO  BasePackage.BaseClass - Re-Capturing the list of onsale prods as there might be a chance of getting a staleElementReference Exception due to forth and back Navigation
15:59:46.657 [TestNG-tests-1] INFO  BasePackage.BaseClass - Scroll into the view
15:59:46.666 [TestNG-tests-1] INFO  BasePackage.BaseClass - Click on the onsale item 1
15:59:54.397 [TestNG-tests-1] INFO  BasePackage.BaseClass - Get the discounted price and load it in the work book
15:59:54.436 [TestNG-tests-1] INFO  BasePackage.BaseClass - Get the discount percentage and load it in the work book
15:59:54.437 [TestNG-tests-1] INFO  BasePackage.BaseClass - Navigate back to the home page
15:59:54.449 [TestNG-tests-1] INFO  BasePackage.BaseClass - After Navigation, We need to switch to iframe again as the driver instance is rooted back to default content
15:59:54.463 [TestNG-tests-2] INFO  BasePackage.BaseClass - Iterating through the captured list of onsale prods to get the price and discount info
15:59:54.463 [TestNG-tests-2] INFO  BasePackage.BaseClass - Re-Capturing the list of onsale prods as there might be a chance of getting a staleElementReference Exception due to forth and back Navigation
15:59:54.499 [TestNG-tests-2] INFO  BasePackage.BaseClass - Scroll into the view
15:59:54.513 [TestNG-tests-2] INFO  BasePackage.BaseClass - Click on the onsale item 1
15:59:56.036 [TestNG-tests-1] INFO  BasePackage.BaseClass - Re-Capturing the list of onsale prods as there might be a chance of getting a staleElementReference Exception due to forth and back Navigation
15:59:56.061 [TestNG-tests-1] INFO  BasePackage.BaseClass - Scroll into the view
15:59:56.066 [TestNG-tests-1] INFO  BasePackage.BaseClass - Click on the onsale item 2
15:59:58.122 [TestNG-tests-2] INFO  BasePackage.BaseClass - Get the discounted price and load it in the work book
15:59:58.143 [TestNG-tests-2] INFO  BasePackage.BaseClass - Get the discount percentage and load it in the work book
15:59:58.144 [TestNG-tests-2] INFO  BasePackage.BaseClass - Navigate back to the home page
15:59:58.150 [TestNG-tests-2] INFO  BasePackage.BaseClass - After Navigation, We need to switch to iframe again as the driver instance is rooted back to default content
16:00:00.896 [TestNG-tests-2] INFO  BasePackage.BaseClass - Re-Capturing the list of onsale prods as there might be a chance of getting a staleElementReference Exception due to forth and back Navigation
16:00:00.923 [TestNG-tests-2] INFO  BasePackage.BaseClass - Scroll into the view
16:00:00.929 [TestNG-tests-2] INFO  BasePackage.BaseClass - Click on the onsale item 2
16:00:04.524 [TestNG-tests-1] INFO  BasePackage.BaseClass - Get the discounted price and load it in the work book
16:00:04.541 [TestNG-tests-1] INFO  BasePackage.BaseClass - Get the discount percentage and load it in the work book
16:00:04.542 [TestNG-tests-1] INFO  BasePackage.BaseClass - Navigate back to the home page
16:00:04.550 [TestNG-tests-1] INFO  BasePackage.BaseClass - After Navigation, We need to switch to iframe again as the driver instance is rooted back to default content
16:00:05.216 [TestNG-tests-1] INFO  BasePackage.BaseClass - Writing the data in the workbook to the final file
16:00:06.096 [TestNG-tests-2] INFO  BasePackage.BaseClass - Get the discounted price and load it in the work book
16:00:06.116 [TestNG-tests-2] INFO  BasePackage.BaseClass - Get the discount percentage and load it in the work book
16:00:06.116 [TestNG-tests-2] INFO  BasePackage.BaseClass - Navigate back to the home page
16:00:06.125 [TestNG-tests-2] INFO  BasePackage.BaseClass - After Navigation, We need to switch to iframe again as the driver instance is rooted back to default content
16:00:06.752 [TestNG-tests-2] INFO  BasePackage.BaseClass - Writing the data in the workbook to the final file
16:00:08.289 [TestNG-tests-1] INFO  BasePackage.BaseClass - WebDriver has been closed.
16:00:09.848 [TestNG-tests-2] INFO  BasePackage.BaseClass - WebDriver has been closed.
12:38:36.811 [TestNG-tests-2] INFO  BasePackage.BaseClass - Chrome browser launched on local machine
12:38:40.324 [TestNG-tests-1] INFO  BasePackage.BaseClass - Chrome browser launched on local machine
12:38:44.209 [TestNG-tests-1] INFO  BasePackage.BaseClass - Switching to the iframe
12:38:44.245 [TestNG-tests-1] INFO  BasePackage.BaseClass - Capturing the list of onsale prods
12:38:46.601 [TestNG-tests-2] INFO  BasePackage.BaseClass - Switching to the iframe
12:38:46.636 [TestNG-tests-2] INFO  BasePackage.BaseClass - Capturing the list of onsale prods
12:38:57.722 [TestNG-tests-2] INFO  BasePackage.BaseClass - Iterating through the captured list of onsale prods to get the price and discount info
12:38:57.722 [TestNG-tests-2] INFO  BasePackage.BaseClass - Re-Capturing the list of onsale prods as there might be a chance of getting a staleElementReference Exception due to forth and back Navigation
12:38:57.760 [TestNG-tests-2] INFO  BasePackage.BaseClass - Scroll into the view
12:38:57.771 [TestNG-tests-2] INFO  BasePackage.BaseClass - Click on the onsale item 1
12:38:58.759 [TestNG-tests-1] INFO  BasePackage.BaseClass - Iterating through the captured list of onsale prods to get the price and discount info
12:38:58.760 [TestNG-tests-1] INFO  BasePackage.BaseClass - Re-Capturing the list of onsale prods as there might be a chance of getting a staleElementReference Exception due to forth and back Navigation
12:38:58.796 [TestNG-tests-1] INFO  BasePackage.BaseClass - Scroll into the view
12:38:58.810 [TestNG-tests-1] INFO  BasePackage.BaseClass - Click on the onsale item 1
12:38:59.938 [TestNG-tests-2] INFO  BasePackage.BaseClass - Get the discounted price and load it in the work book
12:38:59.965 [TestNG-tests-2] INFO  BasePackage.BaseClass - Get the discount percentage and load it in the work book
12:38:59.966 [TestNG-tests-2] INFO  BasePackage.BaseClass - Navigate back to the home page
12:38:59.972 [TestNG-tests-2] INFO  BasePackage.BaseClass - After Navigation, We need to switch to iframe again as the driver instance is rooted back to default content
12:39:00.612 [TestNG-tests-1] INFO  BasePackage.BaseClass - Get the discounted price and load it in the work book
12:39:00.630 [TestNG-tests-1] INFO  BasePackage.BaseClass - Get the discount percentage and load it in the work book
12:39:00.631 [TestNG-tests-1] INFO  BasePackage.BaseClass - Navigate back to the home page
12:39:00.637 [TestNG-tests-1] INFO  BasePackage.BaseClass - After Navigation, We need to switch to iframe again as the driver instance is rooted back to default content
12:39:00.983 [TestNG-tests-2] INFO  BasePackage.BaseClass - Re-Capturing the list of onsale prods as there might be a chance of getting a staleElementReference Exception due to forth and back Navigation
12:39:01.006 [TestNG-tests-2] INFO  BasePackage.BaseClass - Scroll into the view
12:39:01.012 [TestNG-tests-2] INFO  BasePackage.BaseClass - Click on the onsale item 2
12:39:01.668 [TestNG-tests-1] INFO  BasePackage.BaseClass - Re-Capturing the list of onsale prods as there might be a chance of getting a staleElementReference Exception due to forth and back Navigation
12:39:01.690 [TestNG-tests-1] INFO  BasePackage.BaseClass - Scroll into the view
12:39:01.696 [TestNG-tests-1] INFO  BasePackage.BaseClass - Click on the onsale item 2
12:39:13.590 [TestNG-tests-1] INFO  BasePackage.BaseClass - Get the discounted price and load it in the work book
12:39:13.590 [TestNG-tests-2] INFO  BasePackage.BaseClass - Get the discounted price and load it in the work book
12:39:13.605 [TestNG-tests-2] INFO  BasePackage.BaseClass - Get the discount percentage and load it in the work book
12:39:13.605 [TestNG-tests-2] INFO  BasePackage.BaseClass - Navigate back to the home page
12:39:13.606 [TestNG-tests-1] INFO  BasePackage.BaseClass - Get the discount percentage and load it in the work book
12:39:13.607 [TestNG-tests-1] INFO  BasePackage.BaseClass - Navigate back to the home page
12:39:13.614 [TestNG-tests-1] INFO  BasePackage.BaseClass - After Navigation, We need to switch to iframe again as the driver instance is rooted back to default content
12:39:13.614 [TestNG-tests-2] INFO  BasePackage.BaseClass - After Navigation, We need to switch to iframe again as the driver instance is rooted back to default content
12:39:14.516 [TestNG-tests-2] INFO  BasePackage.BaseClass - Writing the data in the workbook to the final file
12:39:14.516 [TestNG-tests-1] INFO  BasePackage.BaseClass - Writing the data in the workbook to the final file
12:39:17.906 [TestNG-tests-2] INFO  BasePackage.BaseClass - WebDriver has been closed.
12:39:17.942 [TestNG-tests-1] INFO  BasePackage.BaseClass - WebDriver has been closed.
12:45:58.493 [TestNG-tests-1] INFO  BasePackage.BaseClass - Chrome browser launched on local machine
12:46:02.761 [TestNG-tests-2] INFO  BasePackage.BaseClass - Chrome browser launched on local machine
12:46:04.140 [TestNG-tests-1] INFO  BasePackage.BaseClass - Switching to the iframe
12:46:04.186 [TestNG-tests-1] INFO  BasePackage.BaseClass - Capturing the list of onsale prods
12:46:06.789 [TestNG-tests-2] INFO  BasePackage.BaseClass - Switching to the iframe
12:46:06.821 [TestNG-tests-2] INFO  BasePackage.BaseClass - Capturing the list of onsale prods
12:46:13.787 [TestNG-tests-1] INFO  BasePackage.BaseClass - Iterating through the captured list of onsale prods to get the price and discount info
12:46:13.787 [TestNG-tests-1] INFO  BasePackage.BaseClass - Re-Capturing the list of onsale prods as there might be a chance of getting a staleElementReference Exception due to forth and back Navigation
12:46:13.829 [TestNG-tests-1] INFO  BasePackage.BaseClass - Scroll into the view
12:46:13.851 [TestNG-tests-1] INFO  BasePackage.BaseClass - Click on the onsale item 1
12:46:15.625 [TestNG-tests-1] INFO  BasePackage.BaseClass - Get the discounted price and load it in the work book
12:46:15.648 [TestNG-tests-1] INFO  BasePackage.BaseClass - Get the discount percentage and load it in the work book
12:46:15.648 [TestNG-tests-1] INFO  BasePackage.BaseClass - Navigate back to the home page
12:46:15.657 [TestNG-tests-1] INFO  BasePackage.BaseClass - After Navigation, We need to switch to iframe again as the driver instance is rooted back to default content
12:46:16.565 [TestNG-tests-2] INFO  BasePackage.BaseClass - Iterating through the captured list of onsale prods to get the price and discount info
12:46:16.565 [TestNG-tests-2] INFO  BasePackage.BaseClass - Re-Capturing the list of onsale prods as there might be a chance of getting a staleElementReference Exception due to forth and back Navigation
12:46:16.595 [TestNG-tests-2] INFO  BasePackage.BaseClass - Scroll into the view
12:46:16.601 [TestNG-tests-2] INFO  BasePackage.BaseClass - Click on the onsale item 1
12:46:16.806 [TestNG-tests-1] INFO  BasePackage.BaseClass - Re-Capturing the list of onsale prods as there might be a chance of getting a staleElementReference Exception due to forth and back Navigation
12:46:16.845 [TestNG-tests-1] INFO  BasePackage.BaseClass - Scroll into the view
12:46:16.853 [TestNG-tests-1] INFO  BasePackage.BaseClass - Click on the onsale item 2
12:46:18.045 [TestNG-tests-2] INFO  BasePackage.BaseClass - Get the discounted price and load it in the work book
12:46:18.064 [TestNG-tests-2] INFO  BasePackage.BaseClass - Get the discount percentage and load it in the work book
12:46:18.065 [TestNG-tests-2] INFO  BasePackage.BaseClass - Navigate back to the home page
12:46:18.073 [TestNG-tests-2] INFO  BasePackage.BaseClass - After Navigation, We need to switch to iframe again as the driver instance is rooted back to default content
12:46:19.068 [TestNG-tests-2] INFO  BasePackage.BaseClass - Re-Capturing the list of onsale prods as there might be a chance of getting a staleElementReference Exception due to forth and back Navigation
12:46:19.089 [TestNG-tests-2] INFO  BasePackage.BaseClass - Scroll into the view
12:46:19.094 [TestNG-tests-2] INFO  BasePackage.BaseClass - Click on the onsale item 2
12:46:30.507 [TestNG-tests-1] INFO  BasePackage.BaseClass - Get the discounted price and load it in the work book
12:46:30.522 [TestNG-tests-1] INFO  BasePackage.BaseClass - Get the discount percentage and load it in the work book
12:46:30.523 [TestNG-tests-1] INFO  BasePackage.BaseClass - Navigate back to the home page
12:46:30.530 [TestNG-tests-1] INFO  BasePackage.BaseClass - After Navigation, We need to switch to iframe again as the driver instance is rooted back to default content
12:46:32.186 [TestNG-tests-1] INFO  BasePackage.BaseClass - Writing the data in the workbook to the final file
12:46:32.416 [TestNG-tests-2] INFO  BasePackage.BaseClass - Get the discounted price and load it in the work book
12:46:32.435 [TestNG-tests-2] INFO  BasePackage.BaseClass - Get the discount percentage and load it in the work book
12:46:32.435 [TestNG-tests-2] INFO  BasePackage.BaseClass - Navigate back to the home page
12:46:32.445 [TestNG-tests-2] INFO  BasePackage.BaseClass - After Navigation, We need to switch to iframe again as the driver instance is rooted back to default content
12:46:33.910 [TestNG-tests-2] INFO  BasePackage.BaseClass - Writing the data in the workbook to the final file
12:46:35.105 [TestNG-tests-1] INFO  BasePackage.BaseClass - WebDriver has been closed.
12:46:36.728 [TestNG-tests-2] INFO  BasePackage.BaseClass - WebDriver has been closed.
12:55:42.108 [TestNG-tests-1] INFO  BasePackage.BaseClass - Chrome browser launched on local machine
12:55:42.108 [TestNG-tests-2] INFO  BasePackage.BaseClass - Chrome browser launched on local machine
12:55:47.280 [TestNG-tests-1] INFO  BasePackage.BaseClass - Switching to the iframe
12:55:47.280 [TestNG-tests-2] INFO  BasePackage.BaseClass - Switching to the iframe
12:55:47.317 [TestNG-tests-2] INFO  BasePackage.BaseClass - Capturing the list of onsale prods
12:55:47.317 [TestNG-tests-1] INFO  BasePackage.BaseClass - Capturing the list of onsale prods
12:55:57.161 [TestNG-tests-1] INFO  BasePackage.BaseClass - Iterating through the captured list of onsale prods to get the price and discount info
12:55:57.161 [TestNG-tests-1] INFO  BasePackage.BaseClass - Re-Capturing the list of onsale prods as there might be a chance of getting a staleElementReference Exception due to forth and back Navigation
12:55:57.188 [TestNG-tests-1] INFO  BasePackage.BaseClass - Scroll into the view
12:55:57.196 [TestNG-tests-1] INFO  BasePackage.BaseClass - Click on the onsale item 1
12:55:57.870 [TestNG-tests-2] INFO  BasePackage.BaseClass - Iterating through the captured list of onsale prods to get the price and discount info
12:55:57.870 [TestNG-tests-2] INFO  BasePackage.BaseClass - Re-Capturing the list of onsale prods as there might be a chance of getting a staleElementReference Exception due to forth and back Navigation
12:55:57.894 [TestNG-tests-2] INFO  BasePackage.BaseClass - Scroll into the view
12:55:57.901 [TestNG-tests-2] INFO  BasePackage.BaseClass - Click on the onsale item 1
12:55:58.939 [TestNG-tests-1] INFO  BasePackage.BaseClass - Get the discounted price and load it in the work book
12:55:58.973 [TestNG-tests-1] INFO  BasePackage.BaseClass - Get the discount percentage and load it in the work book
12:55:58.974 [TestNG-tests-1] INFO  BasePackage.BaseClass - Navigate back to the home page
12:55:58.989 [TestNG-tests-1] INFO  BasePackage.BaseClass - After Navigation, We need to switch to iframe again as the driver instance is rooted back to default content
12:55:59.723 [TestNG-tests-2] INFO  BasePackage.BaseClass - Get the discounted price and load it in the work book
12:55:59.740 [TestNG-tests-2] INFO  BasePackage.BaseClass - Get the discount percentage and load it in the work book
12:55:59.741 [TestNG-tests-2] INFO  BasePackage.BaseClass - Navigate back to the home page
12:55:59.746 [TestNG-tests-2] INFO  BasePackage.BaseClass - After Navigation, We need to switch to iframe again as the driver instance is rooted back to default content
12:56:00.113 [TestNG-tests-1] INFO  BasePackage.BaseClass - Re-Capturing the list of onsale prods as there might be a chance of getting a staleElementReference Exception due to forth and back Navigation
12:56:00.138 [TestNG-tests-1] INFO  BasePackage.BaseClass - Scroll into the view
12:56:00.145 [TestNG-tests-1] INFO  BasePackage.BaseClass - Click on the onsale item 2
12:56:00.927 [TestNG-tests-2] INFO  BasePackage.BaseClass - Re-Capturing the list of onsale prods as there might be a chance of getting a staleElementReference Exception due to forth and back Navigation
12:56:00.960 [TestNG-tests-2] INFO  BasePackage.BaseClass - Scroll into the view
12:56:00.965 [TestNG-tests-2] INFO  BasePackage.BaseClass - Click on the onsale item 2
12:56:21.518 [TestNG-tests-1] INFO  BasePackage.BaseClass - Get the discounted price and load it in the work book
12:56:21.519 [TestNG-tests-2] INFO  BasePackage.BaseClass - Get the discounted price and load it in the work book
12:56:21.533 [TestNG-tests-1] INFO  BasePackage.BaseClass - Get the discount percentage and load it in the work book
12:56:21.533 [TestNG-tests-1] INFO  BasePackage.BaseClass - Navigate back to the home page
12:56:21.534 [TestNG-tests-2] INFO  BasePackage.BaseClass - Get the discount percentage and load it in the work book
12:56:21.535 [TestNG-tests-2] INFO  BasePackage.BaseClass - Navigate back to the home page
12:56:21.542 [TestNG-tests-1] INFO  BasePackage.BaseClass - After Navigation, We need to switch to iframe again as the driver instance is rooted back to default content
12:56:21.543 [TestNG-tests-2] INFO  BasePackage.BaseClass - After Navigation, We need to switch to iframe again as the driver instance is rooted back to default content
12:56:22.331 [TestNG-tests-1] INFO  BasePackage.BaseClass - Writing the data in the workbook to the final file
12:56:22.331 [TestNG-tests-2] INFO  BasePackage.BaseClass - Writing the data in the workbook to the final file
12:56:25.373 [TestNG-tests-2] INFO  BasePackage.BaseClass - WebDriver has been closed.
12:56:25.501 [TestNG-tests-1] INFO  BasePackage.BaseClass - WebDriver has been closed.
19:26:44.800 [TestNG-tests-1] INFO  BasePackage.BaseClass - Chrome browser launched on local machine
19:26:49.324 [TestNG-tests-2] INFO  BasePackage.BaseClass - Chrome browser launched on local machine
19:26:52.786 [TestNG-tests-1] INFO  BasePackage.BaseClass - Switching to the iframe
19:26:52.786 [TestNG-tests-2] INFO  BasePackage.BaseClass - Switching to the iframe
19:26:52.871 [TestNG-tests-2] INFO  BasePackage.BaseClass - Capturing the list of onsale prods
19:26:52.871 [TestNG-tests-1] INFO  BasePackage.BaseClass - Capturing the list of onsale prods
19:27:02.042 [TestNG-tests-2] INFO  BasePackage.BaseClass - Iterating through the captured list of onsale prods to get the price and discount info
19:27:02.043 [TestNG-tests-2] INFO  BasePackage.BaseClass - Re-Capturing the list of onsale prods as there might be a chance of getting a staleElementReference Exception due to forth and back Navigation
19:27:02.087 [TestNG-tests-1] INFO  BasePackage.BaseClass - Iterating through the captured list of onsale prods to get the price and discount info
19:27:02.088 [TestNG-tests-1] INFO  BasePackage.BaseClass - Re-Capturing the list of onsale prods as there might be a chance of getting a staleElementReference Exception due to forth and back Navigation
19:27:02.120 [TestNG-tests-2] INFO  BasePackage.BaseClass - Scroll into the view
19:27:02.167 [TestNG-tests-2] INFO  BasePackage.BaseClass - Click on the onsale item 1
19:27:02.229 [TestNG-tests-1] INFO  BasePackage.BaseClass - Scroll into the view
19:27:02.257 [TestNG-tests-1] INFO  BasePackage.BaseClass - Click on the onsale item 1
19:27:03.913 [TestNG-tests-1] INFO  BasePackage.BaseClass - Get the discounted price and load it in the work book
19:27:03.969 [TestNG-tests-1] INFO  BasePackage.BaseClass - Get the discount percentage and load it in the work book
19:27:03.972 [TestNG-tests-1] INFO  BasePackage.BaseClass - Navigate back to the home page
19:27:03.986 [TestNG-tests-1] INFO  BasePackage.BaseClass - After Navigation, We need to switch to iframe again as the driver instance is rooted back to default content
19:27:04.668 [TestNG-tests-2] INFO  BasePackage.BaseClass - Get the discounted price and load it in the work book
19:27:04.706 [TestNG-tests-2] INFO  BasePackage.BaseClass - Get the discount percentage and load it in the work book
19:27:04.707 [TestNG-tests-2] INFO  BasePackage.BaseClass - Navigate back to the home page
19:27:04.717 [TestNG-tests-2] INFO  BasePackage.BaseClass - After Navigation, We need to switch to iframe again as the driver instance is rooted back to default content
19:27:05.260 [TestNG-tests-1] INFO  BasePackage.BaseClass - Re-Capturing the list of onsale prods as there might be a chance of getting a staleElementReference Exception due to forth and back Navigation
19:27:05.327 [TestNG-tests-1] INFO  BasePackage.BaseClass - Scroll into the view
19:27:05.341 [TestNG-tests-1] INFO  BasePackage.BaseClass - Click on the onsale item 2
19:27:05.565 [TestNG-tests-2] INFO  BasePackage.BaseClass - Re-Capturing the list of onsale prods as there might be a chance of getting a staleElementReference Exception due to forth and back Navigation
19:27:05.612 [TestNG-tests-2] INFO  BasePackage.BaseClass - Scroll into the view
19:27:05.625 [TestNG-tests-2] INFO  BasePackage.BaseClass - Click on the onsale item 2
19:27:17.959 [TestNG-tests-2] INFO  BasePackage.BaseClass - Get the discounted price and load it in the work book
19:27:17.959 [TestNG-tests-1] INFO  BasePackage.BaseClass - Get the discounted price and load it in the work book
19:27:17.982 [TestNG-tests-2] INFO  BasePackage.BaseClass - Get the discount percentage and load it in the work book
19:27:17.983 [TestNG-tests-1] INFO  BasePackage.BaseClass - Get the discount percentage and load it in the work book
19:27:17.983 [TestNG-tests-2] INFO  BasePackage.BaseClass - Navigate back to the home page
19:27:17.983 [TestNG-tests-1] INFO  BasePackage.BaseClass - Navigate back to the home page
19:27:17.998 [TestNG-tests-1] INFO  BasePackage.BaseClass - After Navigation, We need to switch to iframe again as the driver instance is rooted back to default content
19:27:18.000 [TestNG-tests-2] INFO  BasePackage.BaseClass - After Navigation, We need to switch to iframe again as the driver instance is rooted back to default content
19:27:18.917 [TestNG-tests-2] INFO  BasePackage.BaseClass - Writing the data in the workbook to the final file
19:27:19.387 [TestNG-tests-1] INFO  BasePackage.BaseClass - Writing the data in the workbook to the final file
19:27:22.355 [TestNG-tests-2] INFO  BasePackage.BaseClass - WebDriver has been closed.
19:27:22.664 [TestNG-tests-1] INFO  BasePackage.BaseClass - WebDriver has been closed.
19:34:05.833 [TestNG-tests-1] INFO  BasePackage.BaseClass - Chrome browser launched on local machine
19:34:10.145 [TestNG-tests-2] INFO  BasePackage.BaseClass - Chrome browser launched on local machine
19:34:10.780 [TestNG-tests-1] INFO  BasePackage.BaseClass - Switching to the iframe
19:34:10.845 [TestNG-tests-1] INFO  BasePackage.BaseClass - Capturing the list of onsale prods
19:34:13.770 [TestNG-tests-2] INFO  BasePackage.BaseClass - Switching to the iframe
19:34:13.834 [TestNG-tests-2] INFO  BasePackage.BaseClass - Capturing the list of onsale prods
19:34:21.474 [TestNG-tests-1] INFO  BasePackage.BaseClass - Iterating through the captured list of onsale prods to get the price and discount info
19:34:21.475 [TestNG-tests-1] INFO  BasePackage.BaseClass - Re-Capturing the list of onsale prods as there might be a chance of getting a staleElementReference Exception due to forth and back Navigation
19:34:21.527 [TestNG-tests-1] INFO  BasePackage.BaseClass - Scroll into the view
19:34:21.543 [TestNG-tests-1] INFO  BasePackage.BaseClass - Click on the onsale item 1
19:34:23.426 [TestNG-tests-1] INFO  BasePackage.BaseClass - Get the discounted price and load it in the work book
19:34:23.486 [TestNG-tests-1] INFO  BasePackage.BaseClass - Get the discount percentage and load it in the work book
19:34:23.489 [TestNG-tests-1] INFO  BasePackage.BaseClass - Navigate back to the home page
19:34:23.506 [TestNG-tests-1] INFO  BasePackage.BaseClass - After Navigation, We need to switch to iframe again as the driver instance is rooted back to default content
19:34:24.728 [TestNG-tests-1] INFO  BasePackage.BaseClass - Re-Capturing the list of onsale prods as there might be a chance of getting a staleElementReference Exception due to forth and back Navigation
19:34:24.780 [TestNG-tests-1] INFO  BasePackage.BaseClass - Scroll into the view
19:34:24.791 [TestNG-tests-1] INFO  BasePackage.BaseClass - Click on the onsale item 2
19:34:24.980 [TestNG-tests-2] INFO  BasePackage.BaseClass - Iterating through the captured list of onsale prods to get the price and discount info
19:34:24.980 [TestNG-tests-2] INFO  BasePackage.BaseClass - Re-Capturing the list of onsale prods as there might be a chance of getting a staleElementReference Exception due to forth and back Navigation
19:34:25.035 [TestNG-tests-2] INFO  BasePackage.BaseClass - Scroll into the view
19:34:25.049 [TestNG-tests-2] INFO  BasePackage.BaseClass - Click on the onsale item 1
19:34:26.899 [TestNG-tests-2] INFO  BasePackage.BaseClass - Get the discounted price and load it in the work book
19:34:26.932 [TestNG-tests-2] INFO  BasePackage.BaseClass - Get the discount percentage and load it in the work book
19:34:26.933 [TestNG-tests-2] INFO  BasePackage.BaseClass - Navigate back to the home page
19:34:26.947 [TestNG-tests-2] INFO  BasePackage.BaseClass - After Navigation, We need to switch to iframe again as the driver instance is rooted back to default content
19:34:27.959 [TestNG-tests-2] INFO  BasePackage.BaseClass - Re-Capturing the list of onsale prods as there might be a chance of getting a staleElementReference Exception due to forth and back Navigation
19:34:27.993 [TestNG-tests-2] INFO  BasePackage.BaseClass - Scroll into the view
19:34:28.000 [TestNG-tests-2] INFO  BasePackage.BaseClass - Click on the onsale item 2
19:34:31.988 [TestNG-tests-1] INFO  BasePackage.BaseClass - Get the discounted price and load it in the work book
19:34:32.008 [TestNG-tests-1] INFO  BasePackage.BaseClass - Get the discount percentage and load it in the work book
19:34:32.009 [TestNG-tests-1] INFO  BasePackage.BaseClass - Navigate back to the home page
19:34:32.020 [TestNG-tests-1] INFO  BasePackage.BaseClass - After Navigation, We need to switch to iframe again as the driver instance is rooted back to default content
19:34:32.850 [TestNG-tests-1] INFO  BasePackage.BaseClass - Writing the data in the workbook to the final file
19:34:35.090 [TestNG-tests-2] INFO  BasePackage.BaseClass - Get the discounted price and load it in the work book
19:34:35.114 [TestNG-tests-2] INFO  BasePackage.BaseClass - Get the discount percentage and load it in the work book
19:34:35.115 [TestNG-tests-2] INFO  BasePackage.BaseClass - Navigate back to the home page
19:34:35.125 [TestNG-tests-2] INFO  BasePackage.BaseClass - After Navigation, We need to switch to iframe again as the driver instance is rooted back to default content
19:34:35.672 [TestNG-tests-2] INFO  BasePackage.BaseClass - Writing the data in the workbook to the final file
19:34:36.027 [TestNG-tests-1] INFO  BasePackage.BaseClass - WebDriver has been closed.
19:34:38.900 [TestNG-tests-2] INFO  BasePackage.BaseClass - WebDriver has been closed.
19:40:50.897 [TestNG-tests-1] INFO  BasePackage.BaseClass - Chrome browser launched on local machine
19:40:50.926 [TestNG-tests-2] INFO  BasePackage.BaseClass - Chrome browser launched on local machine
19:40:54.513 [TestNG-tests-2] INFO  BasePackage.BaseClass - Switching to the iframe
19:40:54.513 [TestNG-tests-1] INFO  BasePackage.BaseClass - Switching to the iframe
19:40:55.165 [TestNG-tests-1] INFO  BasePackage.BaseClass - Capturing the list of onsale prods
19:41:06.603 [TestNG-tests-1] INFO  BasePackage.BaseClass - Iterating through the captured list of onsale prods to get the price and discount info
19:41:06.604 [TestNG-tests-1] INFO  BasePackage.BaseClass - Re-Capturing the list of onsale prods as there might be a chance of getting a staleElementReference Exception due to forth and back Navigation
19:41:06.662 [TestNG-tests-1] INFO  BasePackage.BaseClass - Scroll into the view
19:41:06.677 [TestNG-tests-1] INFO  BasePackage.BaseClass - Click on the onsale item 1
19:41:08.210 [TestNG-tests-2] INFO  BasePackage.BaseClass - Capturing the list of onsale prods
19:41:08.296 [TestNG-tests-2] INFO  BasePackage.BaseClass - Iterating through the captured list of onsale prods to get the price and discount info
19:41:08.296 [TestNG-tests-2] INFO  BasePackage.BaseClass - Re-Capturing the list of onsale prods as there might be a chance of getting a staleElementReference Exception due to forth and back Navigation
19:41:08.353 [TestNG-tests-2] INFO  BasePackage.BaseClass - Scroll into the view
19:41:08.370 [TestNG-tests-2] INFO  BasePackage.BaseClass - Click on the onsale item 1
19:41:09.482 [TestNG-tests-1] INFO  BasePackage.BaseClass - Get the discounted price and load it in the work book
19:41:09.546 [TestNG-tests-1] INFO  BasePackage.BaseClass - Get the discount percentage and load it in the work book
19:41:09.548 [TestNG-tests-1] INFO  BasePackage.BaseClass - Navigate back to the home page
19:41:09.561 [TestNG-tests-1] INFO  BasePackage.BaseClass - After Navigation, We need to switch to iframe again as the driver instance is rooted back to default content
19:41:10.945 [TestNG-tests-1] INFO  BasePackage.BaseClass - Re-Capturing the list of onsale prods as there might be a chance of getting a staleElementReference Exception due to forth and back Navigation
19:41:10.999 [TestNG-tests-1] INFO  BasePackage.BaseClass - Scroll into the view
19:41:11.014 [TestNG-tests-1] INFO  BasePackage.BaseClass - Click on the onsale item 2
19:41:15.792 [TestNG-tests-2] INFO  BasePackage.BaseClass - Get the discounted price and load it in the work book
19:41:15.830 [TestNG-tests-2] INFO  BasePackage.BaseClass - Get the discount percentage and load it in the work book
19:41:15.831 [TestNG-tests-2] INFO  BasePackage.BaseClass - Navigate back to the home page
19:41:15.843 [TestNG-tests-2] INFO  BasePackage.BaseClass - After Navigation, We need to switch to iframe again as the driver instance is rooted back to default content
19:41:16.879 [TestNG-tests-2] INFO  BasePackage.BaseClass - Re-Capturing the list of onsale prods as there might be a chance of getting a staleElementReference Exception due to forth and back Navigation
19:41:16.921 [TestNG-tests-2] INFO  BasePackage.BaseClass - Scroll into the view
19:41:16.933 [TestNG-tests-2] INFO  BasePackage.BaseClass - Click on the onsale item 2
19:41:18.502 [TestNG-tests-1] INFO  BasePackage.BaseClass - Get the discounted price and load it in the work book
19:41:18.535 [TestNG-tests-1] INFO  BasePackage.BaseClass - Get the discount percentage and load it in the work book
19:41:18.536 [TestNG-tests-1] INFO  BasePackage.BaseClass - Navigate back to the home page
19:41:18.550 [TestNG-tests-1] INFO  BasePackage.BaseClass - After Navigation, We need to switch to iframe again as the driver instance is rooted back to default content
19:41:19.471 [TestNG-tests-1] INFO  BasePackage.BaseClass - Writing the data in the workbook to the final file
19:41:22.824 [TestNG-tests-1] INFO  BasePackage.BaseClass - WebDriver has been closed.
19:41:24.165 [TestNG-tests-2] INFO  BasePackage.BaseClass - Get the discounted price and load it in the work book
19:41:24.191 [TestNG-tests-2] INFO  BasePackage.BaseClass - Get the discount percentage and load it in the work book
19:41:24.192 [TestNG-tests-2] INFO  BasePackage.BaseClass - Navigate back to the home page
19:41:24.205 [TestNG-tests-2] INFO  BasePackage.BaseClass - After Navigation, We need to switch to iframe again as the driver instance is rooted back to default content
19:41:24.854 [TestNG-tests-2] INFO  BasePackage.BaseClass - Writing the data in the workbook to the final file
19:41:27.687 [TestNG-tests-2] INFO  BasePackage.BaseClass - WebDriver has been closed.
19:57:47.525 [TestNG-tests-2] INFO  BasePackage.BaseClass - Chrome browser launched on local machine
19:57:47.532 [TestNG-tests-1] INFO  BasePackage.BaseClass - Chrome browser launched on local machine
19:57:53.817 [TestNG-tests-2] INFO  BasePackage.BaseClass - Switching to the iframe
19:57:53.899 [TestNG-tests-2] INFO  BasePackage.BaseClass - Capturing the list of onsale prods
19:58:03.564 [TestNG-tests-2] INFO  BasePackage.BaseClass - Iterating through the captured list of onsale prods to get the price and discount info
19:58:03.565 [TestNG-tests-2] INFO  BasePackage.BaseClass - Re-Capturing the list of onsale prods as there might be a chance of getting a staleElementReference Exception due to forth and back Navigation
19:58:03.619 [TestNG-tests-2] INFO  BasePackage.BaseClass - Scroll into the view
19:58:03.638 [TestNG-tests-2] INFO  BasePackage.BaseClass - Click on the onsale item 1
19:58:05.525 [TestNG-tests-2] INFO  BasePackage.BaseClass - Get the discounted price and load it in the work book
19:58:05.588 [TestNG-tests-2] INFO  BasePackage.BaseClass - Get the discount percentage and load it in the work book
19:58:05.589 [TestNG-tests-2] INFO  BasePackage.BaseClass - Navigate back to the home page
19:58:05.601 [TestNG-tests-2] INFO  BasePackage.BaseClass - After Navigation, We need to switch to iframe again as the driver instance is rooted back to default content
19:58:05.721 [TestNG-tests-1] INFO  BasePackage.BaseClass - Switching to the iframe
19:58:05.785 [TestNG-tests-1] INFO  BasePackage.BaseClass - Capturing the list of onsale prods
19:58:05.844 [TestNG-tests-1] INFO  BasePackage.BaseClass - Iterating through the captured list of onsale prods to get the price and discount info
19:58:05.844 [TestNG-tests-1] INFO  BasePackage.BaseClass - Re-Capturing the list of onsale prods as there might be a chance of getting a staleElementReference Exception due to forth and back Navigation
19:58:05.894 [TestNG-tests-1] INFO  BasePackage.BaseClass - Scroll into the view
19:58:05.914 [TestNG-tests-1] INFO  BasePackage.BaseClass - Click on the onsale item 1
19:58:06.770 [TestNG-tests-2] INFO  BasePackage.BaseClass - Re-Capturing the list of onsale prods as there might be a chance of getting a staleElementReference Exception due to forth and back Navigation
19:58:06.821 [TestNG-tests-2] INFO  BasePackage.BaseClass - Scroll into the view
19:58:06.839 [TestNG-tests-2] INFO  BasePackage.BaseClass - Click on the onsale item 2
19:58:19.215 [TestNG-tests-2] INFO  BasePackage.BaseClass - Get the discounted price and load it in the work book
19:58:19.226 [TestNG-tests-1] INFO  BasePackage.BaseClass - Get the discounted price and load it in the work book
19:58:19.243 [TestNG-tests-2] INFO  BasePackage.BaseClass - Get the discount percentage and load it in the work book
19:58:19.244 [TestNG-tests-2] INFO  BasePackage.BaseClass - Navigate back to the home page
19:58:19.257 [TestNG-tests-1] INFO  BasePackage.BaseClass - Get the discount percentage and load it in the work book
19:58:19.257 [TestNG-tests-2] INFO  BasePackage.BaseClass - After Navigation, We need to switch to iframe again as the driver instance is rooted back to default content
19:58:19.258 [TestNG-tests-1] INFO  BasePackage.BaseClass - Navigate back to the home page
19:58:19.270 [TestNG-tests-1] INFO  BasePackage.BaseClass - After Navigation, We need to switch to iframe again as the driver instance is rooted back to default content
19:58:20.142 [TestNG-tests-1] INFO  BasePackage.BaseClass - Re-Capturing the list of onsale prods as there might be a chance of getting a staleElementReference Exception due to forth and back Navigation
19:58:20.179 [TestNG-tests-1] INFO  BasePackage.BaseClass - Scroll into the view
19:58:20.189 [TestNG-tests-1] INFO  BasePackage.BaseClass - Click on the onsale item 2
19:58:20.240 [TestNG-tests-2] INFO  BasePackage.BaseClass - Writing the data in the workbook to the final file
19:58:23.592 [TestNG-tests-2] INFO  BasePackage.BaseClass - WebDriver has been closed.
19:58:27.482 [TestNG-tests-1] INFO  BasePackage.BaseClass - Get the discounted price and load it in the work book
19:58:27.505 [TestNG-tests-1] INFO  BasePackage.BaseClass - Get the discount percentage and load it in the work book
19:58:27.506 [TestNG-tests-1] INFO  BasePackage.BaseClass - Navigate back to the home page
19:58:27.518 [TestNG-tests-1] INFO  BasePackage.BaseClass - After Navigation, We need to switch to iframe again as the driver instance is rooted back to default content
19:58:28.361 [TestNG-tests-1] INFO  BasePackage.BaseClass - Writing the data in the workbook to the final file
19:58:31.527 [TestNG-tests-1] INFO  BasePackage.BaseClass - WebDriver has been closed.
20:02:27.338 [TestNG-tests-2] INFO  BasePackage.BaseClass - Chrome browser launched on local machine
20:02:31.801 [TestNG-tests-1] INFO  BasePackage.BaseClass - Chrome browser launched on local machine
20:02:32.557 [TestNG-tests-2] INFO  BasePackage.BaseClass - Switching to the iframe
20:02:32.618 [TestNG-tests-2] INFO  BasePackage.BaseClass - Capturing the list of onsale prods
20:02:35.805 [TestNG-tests-1] INFO  BasePackage.BaseClass - Switching to the iframe
20:02:35.891 [TestNG-tests-1] INFO  BasePackage.BaseClass - Capturing the list of onsale prods
20:02:41.874 [TestNG-tests-2] INFO  BasePackage.BaseClass - Iterating through the captured list of onsale prods to get the price and discount info
20:02:41.874 [TestNG-tests-2] INFO  BasePackage.BaseClass - Re-Capturing the list of onsale prods as there might be a chance of getting a staleElementReference Exception due to forth and back Navigation
20:02:41.929 [TestNG-tests-2] INFO  BasePackage.BaseClass - Scroll into the view
20:02:41.947 [TestNG-tests-2] INFO  BasePackage.BaseClass - Click on the onsale item 1
20:02:43.726 [TestNG-tests-2] INFO  BasePackage.BaseClass - Get the discounted price and load it in the work book
20:02:43.778 [TestNG-tests-2] INFO  BasePackage.BaseClass - Get the discount percentage and load it in the work book
20:02:43.781 [TestNG-tests-2] INFO  BasePackage.BaseClass - Navigate back to the home page
20:02:43.791 [TestNG-tests-2] INFO  BasePackage.BaseClass - After Navigation, We need to switch to iframe again as the driver instance is rooted back to default content
20:02:45.054 [TestNG-tests-2] INFO  BasePackage.BaseClass - Re-Capturing the list of onsale prods as there might be a chance of getting a staleElementReference Exception due to forth and back Navigation
20:02:45.106 [TestNG-tests-2] INFO  BasePackage.BaseClass - Scroll into the view
20:02:45.115 [TestNG-tests-2] INFO  BasePackage.BaseClass - Click on the onsale item 2
20:02:46.996 [TestNG-tests-1] INFO  BasePackage.BaseClass - Iterating through the captured list of onsale prods to get the price and discount info
20:02:46.996 [TestNG-tests-1] INFO  BasePackage.BaseClass - Re-Capturing the list of onsale prods as there might be a chance of getting a staleElementReference Exception due to forth and back Navigation
20:02:47.042 [TestNG-tests-1] INFO  BasePackage.BaseClass - Scroll into the view
20:02:47.058 [TestNG-tests-1] INFO  BasePackage.BaseClass - Click on the onsale item 1
20:02:48.871 [TestNG-tests-1] INFO  BasePackage.BaseClass - Get the discounted price and load it in the work book
20:02:48.902 [TestNG-tests-1] INFO  BasePackage.BaseClass - Get the discount percentage and load it in the work book
20:02:48.903 [TestNG-tests-1] INFO  BasePackage.BaseClass - Navigate back to the home page
20:02:48.910 [TestNG-tests-1] INFO  BasePackage.BaseClass - After Navigation, We need to switch to iframe again as the driver instance is rooted back to default content
20:02:49.990 [TestNG-tests-1] INFO  BasePackage.BaseClass - Re-Capturing the list of onsale prods as there might be a chance of getting a staleElementReference Exception due to forth and back Navigation
20:02:50.034 [TestNG-tests-1] INFO  BasePackage.BaseClass - Scroll into the view
20:02:50.041 [TestNG-tests-1] INFO  BasePackage.BaseClass - Click on the onsale item 2
20:02:52.219 [TestNG-tests-2] INFO  BasePackage.BaseClass - Get the discounted price and load it in the work book
20:02:52.246 [TestNG-tests-2] INFO  BasePackage.BaseClass - Get the discount percentage and load it in the work book
20:02:52.247 [TestNG-tests-2] INFO  BasePackage.BaseClass - Navigate back to the home page
20:02:52.259 [TestNG-tests-2] INFO  BasePackage.BaseClass - After Navigation, We need to switch to iframe again as the driver instance is rooted back to default content
20:02:53.154 [TestNG-tests-2] INFO  BasePackage.BaseClass - Writing the data in the workbook to the final file
20:02:56.106 [TestNG-tests-2] INFO  BasePackage.BaseClass - WebDriver has been closed.
20:02:57.205 [TestNG-tests-1] INFO  BasePackage.BaseClass - Get the discounted price and load it in the work book
20:02:57.229 [TestNG-tests-1] INFO  BasePackage.BaseClass - Get the discount percentage and load it in the work book
20:02:57.229 [TestNG-tests-1] INFO  BasePackage.BaseClass - Navigate back to the home page
20:02:57.238 [TestNG-tests-1] INFO  BasePackage.BaseClass - After Navigation, We need to switch to iframe again as the driver instance is rooted back to default content
20:02:58.004 [TestNG-tests-1] INFO  BasePackage.BaseClass - Writing the data in the workbook to the final file
20:03:00.996 [TestNG-tests-1] INFO  BasePackage.BaseClass - WebDriver has been closed.
10:36:01.356 [TestNG-tests-1] INFO  BasePackage.BaseClass - Chrome browser launched on local machine
10:36:01.356 [TestNG-tests-2] INFO  BasePackage.BaseClass - Chrome browser launched on local machine
10:36:07.878 [TestNG-tests-2] INFO  BasePackage.BaseClass - Switching to the iframe
10:36:07.945 [TestNG-tests-2] INFO  BasePackage.BaseClass - Capturing the list of onsale prods
10:36:09.670 [TestNG-tests-1] INFO  BasePackage.BaseClass - Switching to the iframe
10:36:09.716 [TestNG-tests-1] INFO  BasePackage.BaseClass - Capturing the list of onsale prods
10:36:19.015 [TestNG-tests-2] INFO  BasePackage.BaseClass - Iterating through the captured list of onsale prods to get the price and discount info
10:36:19.016 [TestNG-tests-2] INFO  BasePackage.BaseClass - Re-Capturing the list of onsale prods as there might be a chance of getting a staleElementReference Exception due to forth and back Navigation
10:36:19.060 [TestNG-tests-2] INFO  BasePackage.BaseClass - Scroll into the view
10:36:19.075 [TestNG-tests-2] INFO  BasePackage.BaseClass - Click on the onsale item 1
10:36:19.797 [TestNG-tests-1] INFO  BasePackage.BaseClass - Iterating through the captured list of onsale prods to get the price and discount info
10:36:19.797 [TestNG-tests-1] INFO  BasePackage.BaseClass - Re-Capturing the list of onsale prods as there might be a chance of getting a staleElementReference Exception due to forth and back Navigation
10:36:19.859 [TestNG-tests-1] INFO  BasePackage.BaseClass - Scroll into the view
10:36:19.875 [TestNG-tests-1] INFO  BasePackage.BaseClass - Click on the onsale item 1
10:36:20.844 [TestNG-tests-2] INFO  BasePackage.BaseClass - Get the discounted price and load it in the work book
10:36:20.874 [TestNG-tests-2] INFO  BasePackage.BaseClass - Get the discount percentage and load it in the work book
10:36:20.875 [TestNG-tests-2] INFO  BasePackage.BaseClass - Navigate back to the home page
10:36:20.885 [TestNG-tests-2] INFO  BasePackage.BaseClass - After Navigation, We need to switch to iframe again as the driver instance is rooted back to default content
10:36:21.825 [TestNG-tests-1] INFO  BasePackage.BaseClass - Get the discounted price and load it in the work book
10:36:21.855 [TestNG-tests-1] INFO  BasePackage.BaseClass - Get the discount percentage and load it in the work book
10:36:21.855 [TestNG-tests-1] INFO  BasePackage.BaseClass - Navigate back to the home page
10:36:21.864 [TestNG-tests-1] INFO  BasePackage.BaseClass - After Navigation, We need to switch to iframe again as the driver instance is rooted back to default content
10:36:21.980 [TestNG-tests-2] INFO  BasePackage.BaseClass - Re-Capturing the list of onsale prods as there might be a chance of getting a staleElementReference Exception due to forth and back Navigation
10:36:22.035 [TestNG-tests-2] INFO  BasePackage.BaseClass - Scroll into the view
10:36:22.047 [TestNG-tests-2] INFO  BasePackage.BaseClass - Click on the onsale item 2
10:36:22.864 [TestNG-tests-1] INFO  BasePackage.BaseClass - Re-Capturing the list of onsale prods as there might be a chance of getting a staleElementReference Exception due to forth and back Navigation
10:36:22.905 [TestNG-tests-1] INFO  BasePackage.BaseClass - Scroll into the view
10:36:22.913 [TestNG-tests-1] INFO  BasePackage.BaseClass - Click on the onsale item 2
10:36:34.804 [TestNG-tests-2] INFO  BasePackage.BaseClass - Get the discounted price and load it in the work book
10:36:34.804 [TestNG-tests-1] INFO  BasePackage.BaseClass - Get the discounted price and load it in the work book
10:36:34.835 [TestNG-tests-2] INFO  BasePackage.BaseClass - Get the discount percentage and load it in the work book
10:36:34.835 [TestNG-tests-1] INFO  BasePackage.BaseClass - Get the discount percentage and load it in the work book
10:36:34.836 [TestNG-tests-1] INFO  BasePackage.BaseClass - Navigate back to the home page
10:36:34.836 [TestNG-tests-2] INFO  BasePackage.BaseClass - Navigate back to the home page
10:36:34.855 [TestNG-tests-1] INFO  BasePackage.BaseClass - After Navigation, We need to switch to iframe again as the driver instance is rooted back to default content
10:36:34.856 [TestNG-tests-2] INFO  BasePackage.BaseClass - After Navigation, We need to switch to iframe again as the driver instance is rooted back to default content
10:36:35.844 [TestNG-tests-2] INFO  BasePackage.BaseClass - Writing the data in the workbook to the final file
10:36:35.844 [TestNG-tests-1] INFO  BasePackage.BaseClass - Writing the data in the workbook to the final file
10:36:39.115 [TestNG-tests-2] INFO  BasePackage.BaseClass - WebDriver has been closed.
10:36:39.171 [TestNG-tests-1] INFO  BasePackage.BaseClass - WebDriver has been closed.
10:43:21.962 [TestNG-tests-2] INFO  BasePackage.BaseClass - Chrome browser launched on local machine
10:43:21.962 [TestNG-tests-1] INFO  BasePackage.BaseClass - Chrome browser launched on local machine
10:43:26.925 [TestNG-tests-1] INFO  BasePackage.BaseClass - Switching to the iframe
10:43:26.925 [TestNG-tests-2] INFO  BasePackage.BaseClass - Switching to the iframe
10:43:26.967 [TestNG-tests-2] INFO  BasePackage.BaseClass - Capturing the list of onsale prods
10:43:26.967 [TestNG-tests-1] INFO  BasePackage.BaseClass - Capturing the list of onsale prods
10:43:37.903 [TestNG-tests-2] INFO  BasePackage.BaseClass - Iterating through the captured list of onsale prods to get the price and discount info
10:43:37.903 [TestNG-tests-2] INFO  BasePackage.BaseClass - Re-Capturing the list of onsale prods as there might be a chance of getting a staleElementReference Exception due to forth and back Navigation
10:43:37.945 [TestNG-tests-2] INFO  BasePackage.BaseClass - Scroll into the view
10:43:37.959 [TestNG-tests-2] INFO  BasePackage.BaseClass - Click on the onsale item 1
10:43:38.067 [TestNG-tests-1] INFO  BasePackage.BaseClass - Iterating through the captured list of onsale prods to get the price and discount info
10:43:38.067 [TestNG-tests-1] INFO  BasePackage.BaseClass - Re-Capturing the list of onsale prods as there might be a chance of getting a staleElementReference Exception due to forth and back Navigation
10:43:38.110 [TestNG-tests-1] INFO  BasePackage.BaseClass - Scroll into the view
10:43:38.123 [TestNG-tests-1] INFO  BasePackage.BaseClass - Click on the onsale item 1
10:43:39.769 [TestNG-tests-2] INFO  BasePackage.BaseClass - Get the discounted price and load it in the work book
10:43:39.828 [TestNG-tests-2] INFO  BasePackage.BaseClass - Get the discount percentage and load it in the work book
10:43:39.830 [TestNG-tests-2] INFO  BasePackage.BaseClass - Navigate back to the home page
10:43:39.845 [TestNG-tests-2] INFO  BasePackage.BaseClass - After Navigation, We need to switch to iframe again as the driver instance is rooted back to default content
10:43:40.197 [TestNG-tests-1] INFO  BasePackage.BaseClass - Get the discounted price and load it in the work book
10:43:40.242 [TestNG-tests-1] INFO  BasePackage.BaseClass - Get the discount percentage and load it in the work book
10:43:40.243 [TestNG-tests-1] INFO  BasePackage.BaseClass - Navigate back to the home page
10:43:40.254 [TestNG-tests-1] INFO  BasePackage.BaseClass - After Navigation, We need to switch to iframe again as the driver instance is rooted back to default content
10:43:41.012 [TestNG-tests-2] INFO  BasePackage.BaseClass - Re-Capturing the list of onsale prods as there might be a chance of getting a staleElementReference Exception due to forth and back Navigation
10:43:41.077 [TestNG-tests-2] INFO  BasePackage.BaseClass - Scroll into the view
10:43:41.092 [TestNG-tests-2] INFO  BasePackage.BaseClass - Click on the onsale item 2
10:43:41.278 [TestNG-tests-1] INFO  BasePackage.BaseClass - Re-Capturing the list of onsale prods as there might be a chance of getting a staleElementReference Exception due to forth and back Navigation
10:43:41.329 [TestNG-tests-1] INFO  BasePackage.BaseClass - Scroll into the view
10:43:41.355 [TestNG-tests-1] INFO  BasePackage.BaseClass - Click on the onsale item 2
10:43:45.545 [TestNG-tests-1] INFO  BasePackage.BaseClass - Get the discounted price and load it in the work book
10:43:45.584 [TestNG-tests-1] INFO  BasePackage.BaseClass - Get the discount percentage and load it in the work book
10:43:45.585 [TestNG-tests-1] INFO  BasePackage.BaseClass - Navigate back to the home page
10:43:45.605 [TestNG-tests-1] INFO  BasePackage.BaseClass - After Navigation, We need to switch to iframe again as the driver instance is rooted back to default content
10:43:46.505 [TestNG-tests-1] INFO  BasePackage.BaseClass - Writing the data in the workbook to the final file
10:43:48.071 [TestNG-tests-2] INFO  BasePackage.BaseClass - Get the discounted price and load it in the work book
10:43:48.129 [TestNG-tests-2] INFO  BasePackage.BaseClass - Get the discount percentage and load it in the work book
10:43:48.130 [TestNG-tests-2] INFO  BasePackage.BaseClass - Navigate back to the home page
10:43:48.155 [TestNG-tests-2] INFO  BasePackage.BaseClass - After Navigation, We need to switch to iframe again as the driver instance is rooted back to default content
10:43:48.956 [TestNG-tests-2] INFO  BasePackage.BaseClass - Writing the data in the workbook to the final file
10:43:49.905 [TestNG-tests-1] INFO  BasePackage.BaseClass - WebDriver has been closed.
10:43:52.042 [TestNG-tests-2] INFO  BasePackage.BaseClass - WebDriver has been closed.
10:50:51.644 [TestNG-tests-2] INFO  BasePackage.BaseClass - Chrome browser launched on local machine
10:50:51.644 [TestNG-tests-1] INFO  BasePackage.BaseClass - Chrome browser launched on local machine
10:50:56.753 [TestNG-tests-2] INFO  BasePackage.BaseClass - Switching to the iframe
10:50:56.753 [TestNG-tests-1] INFO  BasePackage.BaseClass - Switching to the iframe
10:50:56.825 [TestNG-tests-2] INFO  BasePackage.BaseClass - Capturing the list of onsale prods
10:50:56.827 [TestNG-tests-1] INFO  BasePackage.BaseClass - Capturing the list of onsale prods
10:51:06.458 [TestNG-tests-2] INFO  BasePackage.BaseClass - Iterating through the captured list of onsale prods to get the price and discount info
10:51:06.459 [TestNG-tests-2] INFO  BasePackage.BaseClass - Re-Capturing the list of onsale prods as there might be a chance of getting a staleElementReference Exception due to forth and back Navigation
10:51:06.528 [TestNG-tests-2] INFO  BasePackage.BaseClass - Scroll into the view
10:51:06.550 [TestNG-tests-2] INFO  BasePackage.BaseClass - Click on the onsale item 1
10:51:06.838 [TestNG-tests-1] INFO  BasePackage.BaseClass - Iterating through the captured list of onsale prods to get the price and discount info
10:51:06.839 [TestNG-tests-1] INFO  BasePackage.BaseClass - Re-Capturing the list of onsale prods as there might be a chance of getting a staleElementReference Exception due to forth and back Navigation
10:51:06.893 [TestNG-tests-1] INFO  BasePackage.BaseClass - Scroll into the view
10:51:06.911 [TestNG-tests-1] INFO  BasePackage.BaseClass - Click on the onsale item 1
10:51:08.407 [TestNG-tests-2] INFO  BasePackage.BaseClass - Get the discounted price and load it in the work book
10:51:08.495 [TestNG-tests-2] INFO  BasePackage.BaseClass - Get the discount percentage and load it in the work book
10:51:08.496 [TestNG-tests-2] INFO  BasePackage.BaseClass - Navigate back to the home page
10:51:08.512 [TestNG-tests-2] INFO  BasePackage.BaseClass - After Navigation, We need to switch to iframe again as the driver instance is rooted back to default content
10:51:09.041 [TestNG-tests-1] INFO  BasePackage.BaseClass - Get the discounted price and load it in the work book
10:51:09.091 [TestNG-tests-1] INFO  BasePackage.BaseClass - Get the discount percentage and load it in the work book
10:51:09.092 [TestNG-tests-1] INFO  BasePackage.BaseClass - Navigate back to the home page
10:51:09.103 [TestNG-tests-1] INFO  BasePackage.BaseClass - After Navigation, We need to switch to iframe again as the driver instance is rooted back to default content
10:51:09.754 [TestNG-tests-2] INFO  BasePackage.BaseClass - Re-Capturing the list of onsale prods as there might be a chance of getting a staleElementReference Exception due to forth and back Navigation
10:51:09.839 [TestNG-tests-2] INFO  BasePackage.BaseClass - Scroll into the view
10:51:09.850 [TestNG-tests-2] INFO  BasePackage.BaseClass - Click on the onsale item 2
10:51:10.061 [TestNG-tests-1] INFO  BasePackage.BaseClass - Re-Capturing the list of onsale prods as there might be a chance of getting a staleElementReference Exception due to forth and back Navigation
10:51:10.114 [TestNG-tests-1] INFO  BasePackage.BaseClass - Scroll into the view
10:51:10.130 [TestNG-tests-1] INFO  BasePackage.BaseClass - Click on the onsale item 2
10:51:14.337 [TestNG-tests-1] INFO  BasePackage.BaseClass - Get the discounted price and load it in the work book
10:51:14.364 [TestNG-tests-1] INFO  BasePackage.BaseClass - Get the discount percentage and load it in the work book
10:51:14.365 [TestNG-tests-1] INFO  BasePackage.BaseClass - Navigate back to the home page
10:51:14.385 [TestNG-tests-1] INFO  BasePackage.BaseClass - After Navigation, We need to switch to iframe again as the driver instance is rooted back to default content
10:51:15.357 [TestNG-tests-1] INFO  BasePackage.BaseClass - Writing the data in the workbook to the final file
10:51:17.012 [TestNG-tests-2] INFO  BasePackage.BaseClass - Get the discounted price and load it in the work book
10:51:17.059 [TestNG-tests-2] INFO  BasePackage.BaseClass - Get the discount percentage and load it in the work book
10:51:17.060 [TestNG-tests-2] INFO  BasePackage.BaseClass - Navigate back to the home page
10:51:17.074 [TestNG-tests-2] INFO  BasePackage.BaseClass - After Navigation, We need to switch to iframe again as the driver instance is rooted back to default content
10:51:17.865 [TestNG-tests-2] INFO  BasePackage.BaseClass - Writing the data in the workbook to the final file
10:51:19.162 [TestNG-tests-1] INFO  BasePackage.BaseClass - WebDriver has been closed.
10:51:20.959 [TestNG-tests-2] INFO  BasePackage.BaseClass - WebDriver has been closed.
21:13:43.189 [TestNG-tests-2] INFO  BasePackage.BaseClass - Chrome browser launched on local machine
21:13:43.488 [TestNG-tests-1] INFO  BasePackage.BaseClass - Chrome browser launched on local machine
21:13:53.713 [TestNG-tests-1] INFO  BasePackage.BaseClass - Switching to the iframe
21:13:53.713 [TestNG-tests-2] INFO  BasePackage.BaseClass - Switching to the iframe
21:13:53.747 [TestNG-tests-1] INFO  BasePackage.BaseClass - Capturing the list of onsale prods
21:13:53.747 [TestNG-tests-2] INFO  BasePackage.BaseClass - Capturing the list of onsale prods
21:14:25.294 [TestNG-tests-1] INFO  BasePackage.BaseClass - Writing the data in the workbook to the final file
21:14:25.295 [TestNG-tests-2] INFO  BasePackage.BaseClass - Writing the data in the workbook to the final file
21:14:28.675 [TestNG-tests-2] INFO  BasePackage.BaseClass - WebDriver has been closed.
21:14:30.345 [TestNG-tests-1] INFO  BasePackage.BaseClass - WebDriver has been closed.
21:49:05.732 [TestNG-tests-2] INFO  BasePackage.BaseClass - Chrome browser launched on local machine
21:49:10.373 [TestNG-tests-1] INFO  BasePackage.BaseClass - Chrome browser launched on local machine
21:49:11.898 [TestNG-tests-2] INFO  BasePackage.BaseClass - Switching to the iframe
21:49:11.931 [TestNG-tests-2] INFO  BasePackage.BaseClass - Capturing the list of onsale prods
21:49:14.768 [TestNG-tests-1] INFO  BasePackage.BaseClass - Switching to the iframe
21:49:14.798 [TestNG-tests-1] INFO  BasePackage.BaseClass - Capturing the list of onsale prods
21:49:28.471 [TestNG-tests-1] INFO  BasePackage.BaseClass - Iterating through the captured list of onsale prods to get the price and discount info
21:49:28.471 [TestNG-tests-1] INFO  BasePackage.BaseClass - Re-Capturing the list of onsale prods as there might be a chance of getting a staleElementReference Exception due to forth and back Navigation
21:49:28.499 [TestNG-tests-1] INFO  BasePackage.BaseClass - Scroll into the view
21:49:28.510 [TestNG-tests-1] INFO  BasePackage.BaseClass - Click on the onsale item 1
21:49:29.757 [TestNG-tests-2] INFO  BasePackage.BaseClass - Iterating through the captured list of onsale prods to get the price and discount info
21:49:29.757 [TestNG-tests-2] INFO  BasePackage.BaseClass - Re-Capturing the list of onsale prods as there might be a chance of getting a staleElementReference Exception due to forth and back Navigation
21:49:29.788 [TestNG-tests-2] INFO  BasePackage.BaseClass - Scroll into the view
21:49:29.799 [TestNG-tests-2] INFO  BasePackage.BaseClass - Click on the onsale item 1
21:49:30.837 [TestNG-tests-1] INFO  BasePackage.BaseClass - Get the discounted price and load it in the work book
21:49:30.866 [TestNG-tests-1] INFO  BasePackage.BaseClass - Get the discount percentage and load it in the work book
21:49:30.867 [TestNG-tests-1] INFO  BasePackage.BaseClass - Navigate back to the home page
21:49:30.874 [TestNG-tests-1] INFO  BasePackage.BaseClass - After Navigation, We need to switch to iframe again as the driver instance is rooted back to default content
21:49:32.206 [TestNG-tests-2] INFO  BasePackage.BaseClass - Get the discounted price and load it in the work book
21:49:32.225 [TestNG-tests-2] INFO  BasePackage.BaseClass - Get the discount percentage and load it in the work book
21:49:32.226 [TestNG-tests-2] INFO  BasePackage.BaseClass - Navigate back to the home page
21:49:32.233 [TestNG-tests-2] INFO  BasePackage.BaseClass - After Navigation, We need to switch to iframe again as the driver instance is rooted back to default content
21:49:36.958 [TestNG-tests-1] INFO  BasePackage.BaseClass - Re-Capturing the list of onsale prods as there might be a chance of getting a staleElementReference Exception due to forth and back Navigation
21:49:36.977 [TestNG-tests-2] INFO  BasePackage.BaseClass - Re-Capturing the list of onsale prods as there might be a chance of getting a staleElementReference Exception due to forth and back Navigation
21:49:36.986 [TestNG-tests-1] INFO  BasePackage.BaseClass - Scroll into the view
21:49:36.993 [TestNG-tests-1] INFO  BasePackage.BaseClass - Click on the onsale item 2
21:49:37.006 [TestNG-tests-2] INFO  BasePackage.BaseClass - Scroll into the view
21:49:37.014 [TestNG-tests-2] INFO  BasePackage.BaseClass - Click on the onsale item 2
21:49:40.916 [TestNG-tests-2] INFO  BasePackage.BaseClass - Get the discounted price and load it in the work book
21:49:40.938 [TestNG-tests-2] INFO  BasePackage.BaseClass - Get the discount percentage and load it in the work book
21:49:40.939 [TestNG-tests-2] INFO  BasePackage.BaseClass - Navigate back to the home page
21:49:40.951 [TestNG-tests-2] INFO  BasePackage.BaseClass - After Navigation, We need to switch to iframe again as the driver instance is rooted back to default content
21:49:42.380 [TestNG-tests-2] INFO  BasePackage.BaseClass - Writing the data in the workbook to the final file
21:49:45.594 [TestNG-tests-2] INFO  BasePackage.BaseClass - WebDriver has been closed.
21:49:47.231 [TestNG-tests-1] INFO  BasePackage.BaseClass - Get the discounted price and load it in the work book
21:49:47.254 [TestNG-tests-1] INFO  BasePackage.BaseClass - Get the discount percentage and load it in the work book
21:49:47.256 [TestNG-tests-1] INFO  BasePackage.BaseClass - Navigate back to the home page
21:49:47.265 [TestNG-tests-1] INFO  BasePackage.BaseClass - After Navigation, We need to switch to iframe again as the driver instance is rooted back to default content
21:49:48.760 [TestNG-tests-1] INFO  BasePackage.BaseClass - Writing the data in the workbook to the final file
21:49:52.319 [TestNG-tests-1] INFO  BasePackage.BaseClass - WebDriver has been closed.
00:19:58.642 [main] INFO  BasePackage.BaseClass - Chrome browser launched on local machine
00:20:06.291 [main] INFO  BasePackage.BaseClass - Switching to the iframe
00:20:27.664 [main] INFO  BasePackage.BaseClass - Switching to the iframe
00:20:47.926 [main] INFO  BasePackage.BaseClass - Writing the data in the workbook to the final file
00:20:51.551 [main] INFO  BasePackage.BaseClass - WebDriver has been closed.
00:26:41.760 [main] INFO  BasePackage.BaseClass - Chrome browser launched on local machine
00:26:48.478 [main] INFO  BasePackage.BaseClass - Switching to the iframe
00:27:09.409 [main] INFO  BasePackage.BaseClass - Switching to the iframe
00:27:29.686 [main] INFO  BasePackage.BaseClass - Writing the data in the workbook to the final file
00:27:33.167 [main] INFO  BasePackage.BaseClass - WebDriver has been closed.
00:30:46.036 [main] INFO  BasePackage.BaseClass - Chrome browser launched on local machine
00:30:50.569 [main] INFO  BasePackage.BaseClass - Switching to the iframe
00:31:11.355 [main] INFO  BasePackage.BaseClass - Switching to the iframe
00:31:31.738 [main] INFO  BasePackage.BaseClass - Writing the data in the workbook to the final file
00:31:35.225 [main] INFO  BasePackage.BaseClass - WebDriver has been closed.
00:33:06.787 [main] INFO  BasePackage.BaseClass - Chrome browser launched on local machine
00:33:12.012 [main] INFO  BasePackage.BaseClass - Switching to the iframe
00:33:38.059 [main] INFO  BasePackage.BaseClass - Switching to the iframe
00:33:58.399 [main] INFO  BasePackage.BaseClass - Writing the data in the workbook to the final file
00:34:01.841 [main] INFO  BasePackage.BaseClass - WebDriver has been closed.
00:34:42.650 [main] INFO  BasePackage.BaseClass - Chrome browser launched on local machine
00:34:47.016 [main] INFO  BasePackage.BaseClass - Switching to the iframe
00:35:07.527 [main] INFO  BasePackage.BaseClass - Capturing the list of onsale prods
00:35:11.271 [main] INFO  BasePackage.BaseClass - Iterating through the captured list of onsale prods to get the price and discount info
00:35:11.271 [main] INFO  BasePackage.BaseClass - Re-Capturing the list of onsale prods as there might be a chance of getting a staleElementReference Exception due to forth and back Navigation
00:35:11.297 [main] INFO  BasePackage.BaseClass - Scroll into the view
00:35:11.306 [main] INFO  BasePackage.BaseClass - Click on the onsale item 1
00:35:13.166 [main] INFO  BasePackage.BaseClass - Get the discounted price and load it in the work book
00:35:13.184 [main] INFO  BasePackage.BaseClass - Get the discount percentage and load it in the work book
00:35:13.184 [main] INFO  BasePackage.BaseClass - Navigate back to the home page
00:35:13.190 [main] INFO  BasePackage.BaseClass - After Navigation, We need to switch to iframe again as the driver instance is rooted back to default content
00:35:15.323 [main] INFO  BasePackage.BaseClass - Re-Capturing the list of onsale prods as there might be a chance of getting a staleElementReference Exception due to forth and back Navigation
00:35:15.353 [main] INFO  BasePackage.BaseClass - Scroll into the view
00:35:15.360 [main] INFO  BasePackage.BaseClass - Click on the onsale item 2
00:35:27.156 [main] INFO  BasePackage.BaseClass - Get the discounted price and load it in the work book
00:35:27.173 [main] INFO  BasePackage.BaseClass - Get the discount percentage and load it in the work book
00:35:27.173 [main] INFO  BasePackage.BaseClass - Navigate back to the home page
00:35:27.181 [main] INFO  BasePackage.BaseClass - After Navigation, We need to switch to iframe again as the driver instance is rooted back to default content
00:35:28.386 [main] INFO  BasePackage.BaseClass - Writing the data in the workbook to the final file
00:35:32.276 [main] INFO  BasePackage.BaseClass - WebDriver has been closed.
17:20:04.468 [main] INFO  BasePackage.BaseClass - Driver instance created on remote environment
17:20:04.474 [main] INFO  BasePackage.BaseClass - chrome browser launched
17:20:13.015 [main] INFO  BasePackage.BaseClass - Switching to the iframe
17:20:36.122 [main] INFO  BasePackage.BaseClass - Capturing the list of onsale prods
17:20:39.552 [main] INFO  BasePackage.BaseClass - Iterating through the captured list of onsale prods to get the price and discount info
17:20:39.552 [main] INFO  BasePackage.BaseClass - Re-Capturing the list of onsale prods as there might be a chance of getting a staleElementReference Exception due to forth and back Navigation
17:20:39.622 [main] INFO  BasePackage.BaseClass - Scroll into the view
17:20:39.651 [main] INFO  BasePackage.BaseClass - Click on the onsale item 1
17:20:47.229 [main] INFO  BasePackage.BaseClass - Get the discounted price and load it in the work book
17:20:47.280 [main] INFO  BasePackage.BaseClass - Get the discount percentage and load it in the work book
17:20:47.281 [main] INFO  BasePackage.BaseClass - Navigate back to the home page
17:20:47.299 [main] INFO  BasePackage.BaseClass - After Navigation, We need to switch to iframe again as the driver instance is rooted back to default content
17:20:51.556 [main] INFO  BasePackage.BaseClass - Re-Capturing the list of onsale prods as there might be a chance of getting a staleElementReference Exception due to forth and back Navigation
17:20:51.613 [main] INFO  BasePackage.BaseClass - Scroll into the view
17:20:51.634 [main] INFO  BasePackage.BaseClass - Click on the onsale item 2
17:21:01.416 [main] INFO  BasePackage.BaseClass - Get the discounted price and load it in the work book
17:21:01.461 [main] INFO  BasePackage.BaseClass - Get the discount percentage and load it in the work book
17:21:01.462 [main] INFO  BasePackage.BaseClass - Navigate back to the home page
17:21:01.480 [main] INFO  BasePackage.BaseClass - After Navigation, We need to switch to iframe again as the driver instance is rooted back to default content
17:21:02.558 [main] INFO  BasePackage.BaseClass - Writing the data in the workbook to the final file
17:21:06.190 [main] INFO  BasePackage.BaseClass - WebDriver has been closed.
18:53:12.849 [main] INFO  BasePackage.BaseClass - Chrome browser launched on local machine
18:54:23.498 [main] INFO  BasePackage.BaseClass - Chrome browser launched on local machine
18:54:28.712 [main] INFO  BasePackage.BaseClass - Switching to the iframe
18:54:47.928 [main] INFO  BasePackage.BaseClass - Capturing the list of onsale prods
18:54:51.325 [main] INFO  BasePackage.BaseClass - Iterating through the captured list of onsale prods to get the price and discount info
18:54:51.326 [main] INFO  BasePackage.BaseClass - Re-Capturing the list of onsale prods as there might be a chance of getting a staleElementReference Exception due to forth and back Navigation
18:54:51.364 [main] INFO  BasePackage.BaseClass - Scroll into the view
18:54:51.375 [main] INFO  BasePackage.BaseClass - Click on the onsale item 1
18:54:53.793 [main] INFO  BasePackage.BaseClass - Get the discounted price and load it in the work book
18:54:53.841 [main] INFO  BasePackage.BaseClass - Get the discount percentage and load it in the work book
18:54:53.843 [main] INFO  BasePackage.BaseClass - Navigate back to the home page
18:54:53.858 [main] INFO  BasePackage.BaseClass - After Navigation, We need to switch to iframe again as the driver instance is rooted back to default content
18:54:55.159 [main] INFO  BasePackage.BaseClass - Re-Capturing the list of onsale prods as there might be a chance of getting a staleElementReference Exception due to forth and back Navigation
18:54:55.228 [main] INFO  BasePackage.BaseClass - Scroll into the view
18:54:55.249 [main] INFO  BasePackage.BaseClass - Click on the onsale item 2
18:55:08.556 [main] INFO  BasePackage.BaseClass - Get the discounted price and load it in the work book
18:55:08.605 [main] INFO  BasePackage.BaseClass - Get the discount percentage and load it in the work book
18:55:08.606 [main] INFO  BasePackage.BaseClass - Navigate back to the home page
18:55:08.621 [main] INFO  BasePackage.BaseClass - After Navigation, We need to switch to iframe again as the driver instance is rooted back to default content
18:55:09.976 [main] INFO  BasePackage.BaseClass - Writing the data in the workbook to the final file
18:55:14.467 [main] INFO  BasePackage.BaseClass - WebDriver has been closed.
18:42:21.568 [main] INFO  BasePackage.BaseClass - Chrome browser launched on local machine
18:42:27.343 [main] INFO  BasePackage.BaseClass - Switching to the iframe
18:42:44.688 [main] INFO  BasePackage.BaseClass - Capturing the list of onsale prods
18:42:47.412 [main] INFO  BasePackage.BaseClass - Iterating through the captured list of onsale prods to get the price and discount info
18:42:47.418 [main] INFO  BasePackage.BaseClass - Re-Capturing the list of onsale prods as there might be a chance of getting a staleElementReference Exception due to forth and back Navigation
18:42:47.477 [main] INFO  BasePackage.BaseClass - Scroll into the view
18:42:47.495 [main] INFO  BasePackage.BaseClass - Click on the onsale item 1
18:42:48.934 [main] INFO  BasePackage.BaseClass - Get the discounted price and load it in the work book
18:42:48.980 [main] INFO  BasePackage.BaseClass - Get the discount percentage and load it in the work book
18:42:48.980 [main] INFO  BasePackage.BaseClass - Navigate back to the home page
18:42:48.990 [main] INFO  BasePackage.BaseClass - After Navigation, We need to switch to iframe again as the driver instance is rooted back to default content
18:42:49.858 [main] INFO  BasePackage.BaseClass - Re-Capturing the list of onsale prods as there might be a chance of getting a staleElementReference Exception due to forth and back Navigation
18:42:49.927 [main] INFO  BasePackage.BaseClass - Scroll into the view
18:42:49.945 [main] INFO  BasePackage.BaseClass - Click on the onsale item 2
18:42:54.063 [main] INFO  BasePackage.BaseClass - Get the discounted price and load it in the work book
18:42:54.095 [main] INFO  BasePackage.BaseClass - Get the discount percentage and load it in the work book
18:42:54.111 [main] INFO  BasePackage.BaseClass - Navigate back to the home page
18:42:54.115 [main] INFO  BasePackage.BaseClass - After Navigation, We need to switch to iframe again as the driver instance is rooted back to default content
18:42:55.391 [main] INFO  BasePackage.BaseClass - Writing the data in the workbook to the final file
18:42:55.574 [main] INFO  BasePackage.BaseClass - WebDriver has been closed.
